[2019-09-27 11:06:39.006] 894396445  INFO  m.c.t.d.c.d.p.c.w.h.ConsumerSoapHandler - Petición:
<soap:Envelope xmlns:soap="http://schemas.xmlsoap.org/soap/envelope/">
  <SOAP-ENV:Header xmlns:SOAP-ENV="http://schemas.xmlsoap.org/soap/envelope/"/>
  <soap:Body>
    <ns3:getOrderDetailInfo xmlns:ns3="http://www.amx.com.mx/mexico/telcel/di/sds/bes/crm/esb/telcelinterfaceservices" xmlns:ns2="http://amx.com/mexico/telcel/esb/v1_2">
      <controlData>
        <ns2:version>1.0.0-QA</ns2:version>
        <ns2:businessCode>getOrderDetailInfo</ns2:businessCode>
        <ns2:messageUUID>81540715-7cb0-4dbf-b357-ace1e776d3be</ns2:messageUUID>
        <ns2:requestDate>2019-09-27T11:06:38.969-05:00</ns2:requestDate>
        <ns2:sendBy>prodTelcelBES01</ns2:sendBy>
        <ns2:ipClient>10.119.137.206</ns2:ipClient>
        <ns2:ipServer>10.191.80.33</ns2:ipServer>
        <ns2:user>CAJEROZ</ns2:user>
        <ns2:besCrmRequestHeader>
          <ns2:beId>101</ns2:beId>
          <ns2:regionId>9</ns2:regionId>
          <ns2:operatorInfo>
            <ns2:operatorCode>101</ns2:operatorCode>
            <ns2:orgId>101</ns2:orgId>
          </ns2:operatorInfo>
          <ns2:channelType>601</ns2:channelType>
        </ns2:besCrmRequestHeader>
      </controlData>
      <getOrderDetailInfo>
        <orderId>930100000000596044</orderId>
      </getOrderDetailInfo>
    </ns3:getOrderDetailInfo>
  </soap:Body>
</soap:Envelope>
[2019-09-27 11:06:39.520] 894396445  INFO  m.c.t.d.c.d.p.c.w.h.ConsumerSoapHandler - Respuesta:
<NS1:Envelope xmlns:NS1="http://schemas.xmlsoap.org/soap/envelope/">
  <SOAP-ENV:Header xmlns:SOAP-ENV="http://schemas.xmlsoap.org/soap/envelope/"/>
  <NS1:Body>
    <apl:getOrderDetailInfoResponse xmlns:apl="http://www.amx.com.mx/mexico/telcel/di/sds/bes/crm/esb/telcelinterfaceservices" xmlns:esb="http://amx.com/mexico/telcel/esb/v1_2">
      <controlData>
        <esb:version>1.0</esb:version>
        <esb:resultCode>ESB0</esb:resultCode>
        <esb:resultDesc>Peticion exitosa</esb:resultDesc>
        <esb:messageUUID>81540715-7cb0-4dbf-b357-ace1e776d3be</esb:messageUUID>
        <esb:responseDate>2019-09-27T11:06:39.370</esb:responseDate>
        <esb:sendBy>ESB</esb:sendBy>
        <esb:latency>473</esb:latency>
      </controlData>
      <detailResponse>
        <esb:code>0</esb:code>
        <esb:severityLevel>0</esb:severityLevel>
        <esb:description>Success</esb:description>
        <esb:actor>_getOrderDetailInfo</esb:actor>
      </detailResponse>
      <getOrderDetailInfoResponse>
        <orderInfo>
          <orderId>930100000000596044</orderId>
          <serviceNumber>5599904007</serviceNumber>
          <status>inProgress</status>
          <statusDate>2019-09-27T09:55:54.000-06:00</statusDate>
          <accessChannelType>601</accessChannelType>
          <createOperId>1565307303394826104</createOperId>
          <createDeptId>9000002224</createDeptId>
          <createTime>2019-09-27T09:55:51.000-06:00</createTime>
          <orderType>N</orderType>
          <businessCode>ChangeOffering</businessCode>
        </orderInfo>
        <orderItems>
          <orderItemId>930100000002357791</orderItemId>
          <orderId>930100000000596044</orderId>
          <itemType>offering</itemType>
          <itemId>150004</itemId>
          <actionType>amend</actionType>
          <quantity>1</quantity>
          <itemInstanceId>9311000000207092</itemInstanceId>
          <itemCode>150004</itemCode>
          <itemName>TELCEL MAX SIN LIMITE MPP 3000</itemName>
          <status>acknowledged</status>
          <statusDate>2019-09-27T09:55:51.000-06:00</statusDate>
          <classificationId>20190508023001</classificationId>
          <subsId>9311000000085001</subsId>
          <isMainItem>Y</isMainItem>
          <relMainItemId>930100000002357791</relMainItemId>
          <effDate>2019-09-08T19:19:16.000-06:00</effDate>
          <expDate>2099-12-31T17:59:59.000-06:00</expDate>
          <itemSource>Original</itemSource>
        </orderItems>
        <orderItems>
          <orderItemId>930100000002357812</orderItemId>
          <orderId>930100000000596044</orderId>
          <itemType>product</itemType>
          <itemId>2000000300</itemId>
          <actionType>amend</actionType>
          <quantity>1</quantity>
          <itemInstanceId>9311000000227121</itemInstanceId>
          <itemCode>2000000300</itemCode>
          <itemName>DOPPIO_F1811</itemName>
          <status>acknowledged</status>
          <statusDate>2019-09-27T09:55:51.000-06:00</statusDate>
          <classificationId>20180726000019</classificationId>
          <subsId>9311000000085001</subsId>
          <isMainItem>N</isMainItem>
          <relMainItemId>930100000002357791</relMainItemId>
          <effDate>2019-09-08T19:19:16.000-06:00</effDate>
          <expDate>2099-12-31T17:59:59.000-06:00</expDate>
        </orderItems>
        <orderItems>
          <orderItemId>930100000002357793</orderItemId>
          <orderId>930100000000596044</orderId>
          <itemType>offering</itemType>
          <itemId>2100000561</itemId>
          <actionType>add</actionType>
          <quantity>1</quantity>
          <itemInstanceId>9311000000399072</itemInstanceId>
          <itemCode>2100000561</itemCode>
          <itemName>DOPPIO</itemName>
          <status>acknowledged</status>
          <statusDate>2019-09-27T09:55:51.000-06:00</statusDate>
          <classificationId>20180726000059</classificationId>
          <subsId>9311000000085001</subsId>
          <isMainItem>N</isMainItem>
          <relMainItemId>930100000002357791</relMainItemId>
          <effDate>2019-09-27T09:55:51.000-06:00</effDate>
          <expDate>2099-12-31T17:59:59.000-06:00</expDate>
          <itemSource>Original</itemSource>
        </orderItems>
        <orderItems>
          <orderItemId>930100000002357794</orderItemId>
          <orderId>930100000000596044</orderId>
          <itemType>product</itemType>
          <itemId>2000000300</itemId>
          <actionType>add</actionType>
          <quantity>1</quantity>
          <itemInstanceId>9311000000395121</itemInstanceId>
          <itemCode>2000000300</itemCode>
          <itemName>DOPPIO_F1811</itemName>
          <status>acknowledged</status>
          <statusDate>2019-09-27T09:55:51.000-06:00</statusDate>
          <classificationId>20180726000019</classificationId>
          <subsId>9311000000085001</subsId>
          <isMainItem>N</isMainItem>
          <relMainItemId>930100000002357791</relMainItemId>
          <effDate>2019-09-27T09:55:51.000-06:00</effDate>
          <expDate>2099-12-31T17:59:59.000-06:00</expDate>
          <itemSource>Original</itemSource>
        </orderItems>
        <orderItems>
          <orderItemId>930100000002357795</orderItemId>
          <orderId>930100000000596044</orderId>
          <itemType>offering</itemType>
          <itemId>2100000561</itemId>
          <actionType>amend</actionType>
          <quantity>1</quantity>
          <itemInstanceId>9311000000207106</itemInstanceId>
          <itemCode>2100000561</itemCode>
          <itemName>DOPPIO</itemName>
          <status>acknowledged</status>
          <statusDate>2019-09-27T09:55:51.000-06:00</statusDate>
          <classificationId>20180726000059</classificationId>
          <subsId>9311000000085001</subsId>
          <isMainItem>N</isMainItem>
          <relMainItemId>930100000002357791</relMainItemId>
          <effDate>2019-09-08T19:19:16.000-06:00</effDate>
          <expDate>2099-12-31T17:59:59.000-06:00</expDate>
          <itemSource>Original</itemSource>
        </orderItems>
        <orderItems>
          <orderItemId>930100000002357796</orderItemId>
          <orderId>930100000000596044</orderId>
          <itemType>product</itemType>
          <itemId>600001</itemId>
          <actionType>amend</actionType>
          <quantity>1</quantity>
          <itemInstanceId>9311000000227120</itemInstanceId>
          <itemCode>P_MPPMAIN</itemCode>
          <itemName>Mobile Main MPP Product</itemName>
          <status>acknowledged</status>
          <statusDate>2019-09-27T09:55:51.000-06:00</statusDate>
          <classificationId>20180726000003</classificationId>
          <subsId>9311000000085001</subsId>
          <isMainItem>N</isMainItem>
          <relMainItemId>930100000002357791</relMainItemId>
          <effDate>2019-09-08T19:19:16.000-06:00</effDate>
          <expDate>2099-12-31T17:59:59.000-06:00</expDate>
        </orderItems>
        <orderItems>
          <orderItemId>930100000002357797</orderItemId>
          <orderId>930100000000596044</orderId>
          <itemType>product</itemType>
          <itemId>2018072669</itemId>
          <actionType>amend</actionType>
          <quantity>1</quantity>
          <itemInstanceId>9311000000227125</itemInstanceId>
          <itemCode>P_CallWaiting</itemCode>
          <itemName>Call Waiting</itemName>
          <status>acknowledged</status>
          <statusDate>2019-09-27T09:55:51.000-06:00</statusDate>
          <classificationId>20180726000008</classificationId>
          <subsId>9311000000085001</subsId>
          <isMainItem>N</isMainItem>
          <relMainItemId>930100000002357791</relMainItemId>
          <effDate>2019-09-08T19:19:16.000-06:00</effDate>
          <expDate>2099-12-31T17:59:59.000-06:00</expDate>
        </orderItems>
        <orderItems>
          <orderItemId>930100000002357798</orderItemId>
          <orderId>930100000000596044</orderId>
          <itemType>product</itemType>
          <itemId>600012</itemId>
          <actionType>amend</actionType>
          <quantity>1</quantity>
          <itemInstanceId>9311000000227126</itemInstanceId>
          <itemCode>C_USA_CAN_001</itemCode>
          <itemName>USA Canada 001</itemName>
          <status>acknowledged</status>
          <statusDate>2019-09-27T09:55:51.000-06:00</statusDate>
          <classificationId>20180726000006</classificationId>
          <subsId>9311000000085001</subsId>
          <isMainItem>N</isMainItem>
          <relMainItemId>930100000002357791</relMainItemId>
          <effDate>2019-09-08T19:19:16.000-06:00</effDate>
          <expDate>2099-12-31T17:59:59.000-06:00</expDate>
        </orderItems>
        <orderItems>
          <orderItemId>930100000002357799</orderItemId>
          <orderId>930100000000596044</orderId>
          <itemType>product</itemType>
          <itemId>2018072670</itemId>
          <actionType>amend</actionType>
          <quantity>1</quantity>
          <itemInstanceId>9311000000227127</itemInstanceId>
          <itemCode>P_CallForwarding</itemCode>
          <itemName>Call Forwarding</itemName>
          <status>acknowledged</status>
          <statusDate>2019-09-27T09:55:51.000-06:00</statusDate>
          <classificationId>20180726000008</classificationId>
          <subsId>9311000000085001</subsId>
          <isMainItem>N</isMainItem>
          <relMainItemId>930100000002357791</relMainItemId>
          <effDate>2019-09-08T19:19:16.000-06:00</effDate>
          <expDate>2099-12-31T17:59:59.000-06:00</expDate>
        </orderItems>
        <orderItems>
          <orderItemId>930100000002357800</orderItemId>
          <orderId>930100000000596044</orderId>
          <itemType>product</itemType>
          <itemId>600014</itemId>
          <actionType>amend</actionType>
          <quantity>1</quantity>
          <itemInstanceId>9311000000227128</itemInstanceId>
          <itemCode>C_RISK</itemCode>
          <itemName>Risk Countries</itemName>
          <status>acknowledged</status>
          <statusDate>2019-09-27T09:55:51.000-06:00</statusDate>
          <classificationId>20180726000006</classificationId>
          <subsId>9311000000085001</subsId>
          <isMainItem>N</isMainItem>
          <relMainItemId>930100000002357791</relMainItemId>
          <effDate>2019-09-08T19:19:16.000-06:00</effDate>
          <expDate>2099-12-31T17:59:59.000-06:00</expDate>
        </orderItems>
        <orderItems>
          <orderItemId>930100000002357801</orderItemId>
          <orderId>930100000000596044</orderId>
          <itemType>product</itemType>
          <itemId>2018072668</itemId>
          <actionType>amend</actionType>
          <quantity>1</quantity>
          <itemInstanceId>9311000000227129</itemInstanceId>
          <itemCode>P_MultipartyCall</itemCode>
          <itemName>Multiparty Call</itemName>
          <status>acknowledged</status>
          <statusDate>2019-09-27T09:55:51.000-06:00</statusDate>
          <classificationId>20180726000008</classificationId>
          <subsId>9311000000085001</subsId>
          <isMainItem>N</isMainItem>
          <relMainItemId>930100000002357791</relMainItemId>
          <effDate>2019-09-08T19:19:16.000-06:00</effDate>
          <expDate>2099-12-31T17:59:59.000-06:00</expDate>
        </orderItems>
        <orderItems>
          <orderItemId>930100000002357802</orderItemId>
          <orderId>930100000000596044</orderId>
          <itemType>product</itemType>
          <itemId>1822969218</itemId>
          <actionType>amend</actionType>
          <quantity>1</quantity>
          <itemInstanceId>9311000000227130</itemInstanceId>
          <itemCode>C_GPRS</itemCode>
          <itemName>Mobile Data Product</itemName>
          <status>acknowledged</status>
          <statusDate>2019-09-27T09:55:51.000-06:00</statusDate>
          <classificationId>20180726000005</classificationId>
          <subsId>9311000000085001</subsId>
          <isMainItem>N</isMainItem>
          <relMainItemId>930100000002357791</relMainItemId>
          <effDate>2019-09-08T19:19:16.000-06:00</effDate>
          <expDate>2099-12-31T17:59:59.000-06:00</expDate>
        </orderItems>
        <orderItems>
          <orderItemId>930100000002357803</orderItemId>
          <orderId>930100000000596044</orderId>
          <itemType>product</itemType>
          <itemId>2018072667</itemId>
          <actionType>amend</actionType>
          <quantity>1</quantity>
          <itemInstanceId>9311000000227131</itemInstanceId>
          <itemCode>P_CallHold</itemCode>
          <itemName>Call Hold</itemName>
          <status>acknowledged</status>
          <statusDate>2019-09-27T09:55:51.000-06:00</statusDate>
          <classificationId>20180726000008</classificationId>
          <subsId>9311000000085001</subsId>
          <isMainItem>N</isMainItem>
          <relMainItemId>930100000002357791</relMainItemId>
          <effDate>2019-09-08T19:19:16.000-06:00</effDate>
          <expDate>2099-12-31T17:59:59.000-06:00</expDate>
        </orderItems>
        <orderItems>
          <orderItemId>930100000002357804</orderItemId>
          <orderId>930100000000596044</orderId>
          <itemType>product</itemType>
          <itemId>1015</itemId>
          <actionType>amend</actionType>
          <quantity>1</quantity>
          <itemInstanceId>9311000000227132</itemInstanceId>
          <itemCode>C_PFPH</itemCode>
          <itemName>PFPHProduct</itemName>
          <status>acknowledged</status>
          <statusDate>2019-09-27T09:55:51.000-06:00</statusDate>
          <classificationId>20180726000006</classificationId>
          <subsId>9311000000085001</subsId>
          <isMainItem>N</isMainItem>
          <relMainItemId>930100000002357791</relMainItemId>
          <effDate>2019-09-08T19:19:16.000-06:00</effDate>
          <expDate>2099-12-31T17:59:59.000-06:00</expDate>
        </orderItems>
        <orderItems>
          <orderItemId>930100000002357805</orderItemId>
          <orderId>930100000000596044</orderId>
          <itemType>product</itemType>
          <itemId>1014</itemId>
          <actionType>amend</actionType>
          <quantity>1</quantity>
          <itemInstanceId>9311000000227133</itemInstanceId>
          <itemCode>C_VOICE</itemCode>
          <itemName>National Voice</itemName>
          <status>acknowledged</status>
          <statusDate>2019-09-27T09:55:51.000-06:00</statusDate>
          <classificationId>20180726000004</classificationId>
          <subsId>9311000000085001</subsId>
          <isMainItem>N</isMainItem>
          <relMainItemId>930100000002357791</relMainItemId>
          <effDate>2019-09-08T19:19:16.000-06:00</effDate>
          <expDate>2099-12-31T17:59:59.000-06:00</expDate>
        </orderItems>
        <orderItems>
          <orderItemId>930100000002357806</orderItemId>
          <orderId>930100000000596044</orderId>
          <itemType>product</itemType>
          <itemId>600004</itemId>
          <actionType>amend</actionType>
          <quantity>1</quantity>
          <itemInstanceId>9311000000227134</itemInstanceId>
          <itemCode>C_ROAM</itemCode>
          <itemName>Roaming Service</itemName>
          <status>acknowledged</status>
          <statusDate>2019-09-27T09:55:51.000-06:00</statusDate>
          <classificationId>20180726000006</classificationId>
          <subsId>9311000000085001</subsId>
          <isMainItem>N</isMainItem>
          <relMainItemId>930100000002357791</relMainItemId>
          <effDate>2019-09-08T19:19:16.000-06:00</effDate>
          <expDate>2099-12-31T17:59:59.000-06:00</expDate>
        </orderItems>
        <orderItems>
          <orderItemId>930100000002357807</orderItemId>
          <orderId>930100000000596044</orderId>
          <itemType>product</itemType>
          <itemId>2018072665</itemId>
          <actionType>amend</actionType>
          <quantity>1</quantity>
          <itemInstanceId>9311000000227135</itemInstanceId>
          <itemCode>P_CallerIdDisplay</itemCode>
          <itemName>CallerId Display</itemName>
          <status>acknowledged</status>
          <statusDate>2019-09-27T09:55:51.000-06:00</statusDate>
          <classificationId>20180726000008</classificationId>
          <subsId>9311000000085001</subsId>
          <isMainItem>N</isMainItem>
          <relMainItemId>930100000002357791</relMainItemId>
          <effDate>2019-09-08T19:19:16.000-06:00</effDate>
          <expDate>2099-12-31T17:59:59.000-06:00</expDate>
        </orderItems>
        <orderItems>
          <orderItemId>930100000002357808</orderItemId>
          <orderId>930100000000596044</orderId>
          <itemType>product</itemType>
          <itemId>600013</itemId>
          <actionType>amend</actionType>
          <quantity>1</quantity>
          <itemInstanceId>9311000000227136</itemInstanceId>
          <itemCode>C_REST</itemCode>
          <itemName>Rest Countries</itemName>
          <status>acknowledged</status>
          <statusDate>2019-09-27T09:55:51.000-06:00</statusDate>
          <classificationId>20180726000006</classificationId>
          <subsId>9311000000085001</subsId>
          <isMainItem>N</isMainItem>
          <relMainItemId>930100000002357791</relMainItemId>
          <effDate>2019-09-08T19:19:16.000-06:00</effDate>
          <expDate>2099-12-31T17:59:59.000-06:00</expDate>
        </orderItems>
        <orderItems>
          <orderItemId>930100000002357809</orderItemId>
          <orderId>930100000000596044</orderId>
          <itemType>product</itemType>
          <itemId>1011</itemId>
          <actionType>amend</actionType>
          <quantity>1</quantity>
          <itemInstanceId>9311000000227137</itemInstanceId>
          <itemCode>MMS</itemCode>
          <itemName>Mobile MMS Product</itemName>
          <status>acknowledged</status>
          <statusDate>2019-09-27T09:55:51.000-06:00</statusDate>
          <classificationId>20180726000006</classificationId>
          <subsId>9311000000085001</subsId>
          <isMainItem>N</isMainItem>
          <relMainItemId>930100000002357791</relMainItemId>
          <effDate>2019-09-08T19:19:16.000-06:00</effDate>
          <expDate>2099-12-31T17:59:59.000-06:00</expDate>
        </orderItems>
        <orderItems>
          <orderItemId>930100000002357810</orderItemId>
          <orderId>930100000000596044</orderId>
          <itemType>product</itemType>
          <itemId>600006</itemId>
          <actionType>amend</actionType>
          <quantity>1</quantity>
          <itemInstanceId>9311000000227138</itemInstanceId>
          <itemCode>C_4G</itemCode>
          <itemName>4G</itemName>
          <status>acknowledged</status>
          <statusDate>2019-09-27T09:55:51.000-06:00</statusDate>
          <classificationId>20180726000006</classificationId>
          <subsId>9311000000085001</subsId>
          <isMainItem>N</isMainItem>
          <relMainItemId>930100000002357791</relMainItemId>
          <effDate>2019-09-08T19:19:16.000-06:00</effDate>
          <expDate>2099-12-31T17:59:59.000-06:00</expDate>
        </orderItems>
        <orderItems>
          <orderItemId>930100000002357811</orderItemId>
          <orderId>930100000000596044</orderId>
          <itemType>product</itemType>
          <itemId>1042</itemId>
          <actionType>amend</actionType>
          <quantity>1</quantity>
          <itemInstanceId>9311000000227139</itemInstanceId>
          <itemCode>C_SMS</itemCode>
          <itemName>Mobile SMS Product</itemName>
          <status>acknowledged</status>
          <statusDate>2019-09-27T09:55:51.000-06:00</statusDate>
          <classificationId>20180726000006</classificationId>
          <subsId>9311000000085001</subsId>
          <isMainItem>N</isMainItem>
          <relMainItemId>930100000002357791</relMainItemId>
          <effDate>2019-09-08T19:19:16.000-06:00</effDate>
          <expDate>2099-12-31T17:59:59.000-06:00</expDate>
        </orderItems>
        <orderItems>
          <orderItemId>930100000002357792</orderItemId>
          <orderId>930100000000596044</orderId>
          <itemType>offering</itemType>
          <itemId>400008</itemId>
          <actionType>amend</actionType>
          <quantity>1</quantity>
          <itemInstanceId>9311000000207107</itemInstanceId>
          <itemCode>PMT01</itemCode>
          <itemName>SEGURO CEL TELCEL UP 1</itemName>
          <status>acknowledged</status>
          <statusDate>2019-09-27T09:55:51.000-06:00</statusDate>
          <classificationId>20180726000049</classificationId>
          <subsId>9311000000085001</subsId>
          <isMainItem>N</isMainItem>
          <relMainItemId>930100000002357791</relMainItemId>
          <effDate>2019-09-08T19:19:16.000-06:00</effDate>
          <expDate>2020-09-26T22:59:59.000-06:00</expDate>
          <itemSource>Original</itemSource>
        </orderItems>
        <orderInvoiceInfo>
          <amount>11492940000</amount>
          <discountAmount>1060000</discountAmount>
          <waiveAmount>0</waiveAmount>
          <includeTax>N</includeTax>
          <taxAmount>49520000</taxAmount>
          <status>0</status>
          <invoiceItem>
            <invoiceItemId>295077</invoiceItemId>
            <payMode>1</payMode>
            <feeType>O</feeType>
            <payDirection>PAY</payDirection>
            <chargeCode>TerminalSell</chargeCode>
            <chargeName>TerminalSell</chargeName>
            <unitPrice>309480000</unitPrice>
            <quantity>1</quantity>
            <amount>357940000</amount>
            <includedTax>Y</includedTax>
            <taxAmount>49520000</taxAmount>
            <discountAmount>1060000</discountAmount>
            <itemDetail>
              <taxInfo>
                <taxType>C_CRM_TAX_CHARGECODE_CD</taxType>
                <chargeCode>C_CRM_TAX_CHARGECODE_CD</chargeCode>
                <amount>49520000</amount>
              </taxInfo>
              <discountInfo>
                <discountMethod>6001</discountMethod>
                <discountValue>1060000</discountValue>
              </discountInfo>
            </itemDetail>
          </invoiceItem>
          <invoiceItem>
            <invoiceItemId>295078</invoiceItemId>
            <payMode>1</payMode>
            <feeType>O</feeType>
            <payDirection>PAY</payDirection>
            <chargeCode>C_CRM_SUBSIDY_PENALTY_CD</chargeCode>
            <chargeName>Subsidy penalty</chargeName>
            <unitPrice>11124000000</unitPrice>
            <quantity>1</quantity>
            <amount>11124000000</amount>
            <includedTax>N</includedTax>
            <taxAmount>0</taxAmount>
            <discountAmount>0</discountAmount>
          </invoiceItem>
          <invoiceItem>
            <invoiceItemId>295080</invoiceItemId>
            <payMode>1</payMode>
            <feeType>Y</feeType>
            <payDirection>PAY</payDirection>
            <chargeCode>C_Deposit</chargeCode>
            <chargeName>C_DEPOSIT_CHARGE_CODE</chargeName>
            <unitPrice>5000000</unitPrice>
            <quantity>1</quantity>
            <amount>5000000</amount>
            <includedTax>N</includedTax>
            <taxAmount>0</taxAmount>
            <discountAmount>0</discountAmount>
          </invoiceItem>
          <invoiceItem>
            <invoiceItemId>295081</invoiceItemId>
            <payMode>1</payMode>
            <feeType>Y</feeType>
            <payDirection>PAY</payDirection>
            <chargeCode>C_DEPOSIT_CHARGE_CODE</chargeCode>
            <chargeName>C_Deposit</chargeName>
            <unitPrice>6000000</unitPrice>
            <quantity>1</quantity>
            <amount>6000000</amount>
            <includedTax>N</includedTax>
            <taxAmount>0</taxAmount>
            <discountAmount>0</discountAmount>
          </invoiceItem>
        </orderInvoiceInfo>
      </getOrderDetailInfoResponse>
    </apl:getOrderDetailInfoResponse>
  </NS1:Body>
</NS1:Envelope>
[2019-09-27 11:06:40.394] 894396445  INFO  m.c.t.d.c.d.p.c.w.h.ConsumerSoapHandler - Petición:
<soap:Envelope xmlns:soap="http://schemas.xmlsoap.org/soap/envelope/">
  <SOAP-ENV:Header xmlns:SOAP-ENV="http://schemas.xmlsoap.org/soap/envelope/"/>
  <soap:Body>
    <ns3:getSubscriberInfo xmlns:ns3="http://www.amx.com.mx/mexico/telcel/di/sds/bes/crm/esb/customermanagementservice" xmlns:ns2="http://amx.com/mexico/telcel/esb/v1_2">
      <controlData>
        <ns2:version>1.0.0-QA</ns2:version>
        <ns2:businessCode>getSubscriberInfo</ns2:businessCode>
        <ns2:messageUUID>e10904b9-7166-4b4a-9889-0850ee733a39</ns2:messageUUID>
        <ns2:requestDate>2019-09-27T11:06:40.381-05:00</ns2:requestDate>
        <ns2:sendBy>prodTelcelBES01</ns2:sendBy>
        <ns2:ipClient>10.119.137.206</ns2:ipClient>
        <ns2:ipServer>10.191.80.33</ns2:ipServer>
        <ns2:user>CAJEROZ</ns2:user>
        <ns2:besCrmRequestHeader>
          <ns2:beId>101</ns2:beId>
          <ns2:regionId>9</ns2:regionId>
          <ns2:operatorInfo>
            <ns2:operatorCode>101</ns2:operatorCode>
            <ns2:orgId>101</ns2:orgId>
          </ns2:operatorInfo>
          <ns2:channelType>601</ns2:channelType>
        </ns2:besCrmRequestHeader>
      </controlData>
      <getSubscriberInfo>
        <serviceNumber>5599904007</serviceNumber>
      </getSubscriberInfo>
    </ns3:getSubscriberInfo>
  </soap:Body>
</soap:Envelope>
[2019-09-27 11:06:40.524] 894396445  INFO  m.c.t.d.c.d.p.c.w.h.ConsumerSoapHandler - Respuesta:
<NS1:Envelope xmlns:NS1="http://schemas.xmlsoap.org/soap/envelope/">
  <SOAP-ENV:Header xmlns:SOAP-ENV="http://schemas.xmlsoap.org/soap/envelope/"/>
  <NS1:Body>
    <apl:getSubscriberInfoResponse xmlns:apl="http://www.amx.com.mx/mexico/telcel/di/sds/bes/crm/esb/customermanagementservice" xmlns:esb="http://amx.com/mexico/telcel/esb/v1_2">
      <controlData>
        <esb:version>1.0</esb:version>
        <esb:resultCode>ESB0</esb:resultCode>
        <esb:resultDesc>Peticion exitosa</esb:resultDesc>
        <esb:messageUUID>e10904b9-7166-4b4a-9889-0850ee733a39</esb:messageUUID>
        <esb:responseDate>2019-09-27T11:06:40.389</esb:responseDate>
        <esb:sendBy>ESB</esb:sendBy>
        <esb:latency>110</esb:latency>
      </controlData>
      <detailResponse>
        <esb:code>0</esb:code>
        <esb:severityLevel>0</esb:severityLevel>
        <esb:description>success</esb:description>
        <esb:actor>Huawei_BES_CRM_getSubscriberInfo</esb:actor>
      </detailResponse>
      <getSubscriberInfoResponse>
        <subscriberInfo>
          <beId>101</beId>
          <subscriberId>9311000000085001</subscriberId>
          <serviceNumber>5599904007</serviceNumber>
          <imsi>620987000092353</imsi>
          <iccid>620987000000092353</iccid>
          <activeDate>2019-09-25T19:28:15.000-06:00</activeDate>
          <paymentType>1</paymentType>
          <writtenLang>2049</writtenLang>
          <phoneticLang>2049</phoneticLang>
          <promotionInfoFlag>1</promotionInfoFlag>
          <firstContactChannel>1</firstContactChannel>
          <status>2</status>
          <statusDetail>000000000000</statusDetail>
          <brandId>100001</brandId>
          <networkType>1</networkType>
          <primaryOfferingId>150004</primaryOfferingId>
          <primaryOfferingName>TELCEL MAX SIN LIMITE MPP 3000</primaryOfferingName>
          <portFlag>0</portFlag>
          <subName>Loyalty Test Data</subName>
          <custId>9311000000045023</custId>
          <accountId>9311000000085000</accountId>
          <subProperty>
            <code>REGDATE</code>
            <value>2019-09-08</value>
          </subProperty>
          <subProperty>
            <code>salesForce</code>
            <value>CARSO</value>
          </subProperty>
        </subscriberInfo>
      </getSubscriberInfoResponse>
    </apl:getSubscriberInfoResponse>
  </NS1:Body>
</NS1:Envelope>
[2019-09-27 11:06:40.560] 894396445  INFO  m.c.t.d.c.d.p.c.w.h.ConsumerSoapHandler - Petición:
<soap:Envelope xmlns:soap="http://schemas.xmlsoap.org/soap/envelope/">
  <SOAP-ENV:Header xmlns:SOAP-ENV="http://schemas.xmlsoap.org/soap/envelope/"/>
  <soap:Body>
    <ns3:getCustomerDetailInfo xmlns:ns3="http://www.amx.com.mx/mexico/telcel/di/sds/bes/crm/esb/customermanagementservice" xmlns:ns2="http://amx.com/mexico/telcel/esb/v1_2">
      <controlData>
        <ns2:version>1.0.0-QA</ns2:version>
        <ns2:businessCode>getAccountInfo</ns2:businessCode>
        <ns2:messageUUID>784b14d7-e1a6-45c5-bdab-5e1f9e70d932</ns2:messageUUID>
        <ns2:requestDate>2019-09-27T11:06:40.552-05:00</ns2:requestDate>
        <ns2:sendBy>prodTelcelBES01</ns2:sendBy>
        <ns2:ipClient>10.119.137.206</ns2:ipClient>
        <ns2:ipServer>10.191.80.33</ns2:ipServer>
        <ns2:user>CAJEROZ</ns2:user>
        <ns2:besCrmRequestHeader>
          <ns2:beId>101</ns2:beId>
          <ns2:regionId>9</ns2:regionId>
          <ns2:operatorInfo>
            <ns2:operatorCode>101</ns2:operatorCode>
            <ns2:orgId>101</ns2:orgId>
          </ns2:operatorInfo>
          <ns2:channelType>601</ns2:channelType>
        </ns2:besCrmRequestHeader>
      </controlData>
      <getCustomerDetailInfo>
        <custId>9311000000045023</custId>
        <includeFlag>
          <includeDefaultAcctFlag>N</includeDefaultAcctFlag>
          <includeContactPersonFlag>N</includeContactPersonFlag>
          <includeAddrFlag>N</includeAddrFlag>
          <includePartyCertFlag>N</includePartyCertFlag>
          <includeAttachmentFlag>N</includeAttachmentFlag>
        </includeFlag>
      </getCustomerDetailInfo>
    </ns3:getCustomerDetailInfo>
  </soap:Body>
</soap:Envelope>
[2019-09-27 11:06:40.682] 894396445  INFO  m.c.t.d.c.d.p.c.w.h.ConsumerSoapHandler - Respuesta:
<NS1:Envelope xmlns:NS1="http://schemas.xmlsoap.org/soap/envelope/">
  <SOAP-ENV:Header xmlns:SOAP-ENV="http://schemas.xmlsoap.org/soap/envelope/"/>
  <NS1:Body>
    <apl:getCustomerDetailInfoResponse xmlns:apl="http://www.amx.com.mx/mexico/telcel/di/sds/bes/crm/esb/customermanagementservice" xmlns:esb="http://amx.com/mexico/telcel/esb/v1_2">
      <controlData>
        <esb:version>1.0</esb:version>
        <esb:resultCode>ESB0</esb:resultCode>
        <esb:resultDesc>Peticion exitosa</esb:resultDesc>
        <esb:messageUUID>784b14d7-e1a6-45c5-bdab-5e1f9e70d932</esb:messageUUID>
        <esb:responseDate>2019-09-27T11:06:40.532</esb:responseDate>
        <esb:sendBy>ESB</esb:sendBy>
        <esb:latency>70</esb:latency>
      </controlData>
      <detailResponse>
        <esb:code>0</esb:code>
        <esb:severityLevel>0</esb:severityLevel>
        <esb:description>success</esb:description>
        <esb:actor>Huawei_BES_CRM_getCustomerDetail</esb:actor>
      </detailResponse>
      <getCustomerDetailInfoResponse>
        <customer>
          <customerId>9311000000045023</customerId>
          <custBasicInfo>
            <custCode>11000000045023</custCode>
            <custType>1</custType>
            <custCreditLevel>2</custCreditLevel>
            <regionId>9099001000</regionId>
            <regionName> CUAUHTEMOC</regionName>
          </custBasicInfo>
          <individualInfo>
            <individualId>11000000001793</individualId>
            <firstName>Alberto</firstName>
            <middleName>Lozada</middleName>
            <lastName>Cristobal</lastName>
            <title>1</title>
            <gender>1</gender>
            <birthday>1996-04-21T00:00:00.000-06:00</birthday>
            <email>j@j.com</email>
            <mobilePhone>2332211423</mobilePhone>
            <homePhone>2332211425</homePhone>
            <nationality>N</nationality>
            <writtenLang>2049</writtenLang>
            <phoneticLang>2049</phoneticLang>
            <individualProperty>
              <code>rfc</code>
              <value>LOCA960421QR2</value>
            </individualProperty>
            <individualProperty>
              <code>curp</code>
              <value>LXCA960421HDFZRL03</value>
            </individualProperty>
            <individualProperty>
              <code>birthState</code>
              <value>DF</value>
            </individualProperty>
            <individualProperty>
              <code>personType</code>
              <value>F</value>
            </individualProperty>
          </individualInfo>
        </customer>
      </getCustomerDetailInfoResponse>
    </apl:getCustomerDetailInfoResponse>
  </NS1:Body>
</NS1:Envelope>
[2019-09-27 11:08:55.749] 1842153151 INFO  m.c.t.d.c.d.p.c.w.h.ConsumerSoapHandler - Petición:
<soap:Envelope xmlns:soap="http://schemas.xmlsoap.org/soap/envelope/">
  <SOAP-ENV:Header xmlns:SOAP-ENV="http://schemas.xmlsoap.org/soap/envelope/"/>
  <soap:Body>
    <ns3:makePayment xmlns:ns3="http://www.amx.com.mx/mexico/telcel/di/sds/bes/crm/esb/businessinterfaceservice" xmlns:ns2="http://amx.com/mexico/telcel/esb/v1_2">
      <controlData>
        <ns2:version>1.0.0-QA</ns2:version>
        <ns2:businessCode>makePayment</ns2:businessCode>
        <ns2:messageUUID>745af770-4f23-471b-9350-78b773400cfd</ns2:messageUUID>
        <ns2:requestDate>2019-09-27T11:08:55.734-05:00</ns2:requestDate>
        <ns2:sendBy>prodTelcelBES01</ns2:sendBy>
        <ns2:ipClient>10.119.137.206</ns2:ipClient>
        <ns2:ipServer>10.191.80.33</ns2:ipServer>
        <ns2:user>CAJEROZ</ns2:user>
        <ns2:besCrmRequestHeader>
          <ns2:beId>101</ns2:beId>
          <ns2:regionId>9</ns2:regionId>
          <ns2:operatorInfo>
            <ns2:operatorCode>101</ns2:operatorCode>
            <ns2:orgId>101</ns2:orgId>
          </ns2:operatorInfo>
          <ns2:channelType>601</ns2:channelType>
        </ns2:besCrmRequestHeader>
      </controlData>
      <makePayment>
        <orderIdList>930100000000596044</orderIdList>
        <paymentRequest>
          <paymentDate>2019-09-27T10:50:39.000-05:00</paymentDate>
          <paymentInfo>
            <paymentMethod>3</paymentMethod>
            <amount>11492940000</amount>
            <currencyId>1103</currencyId>
            <remark>925  -  ENGANCHE FINEQ, 122  -  VTAS CONTADO FACTURA SAP</remark>
          </paymentInfo>
          <paymentMode>1</paymentMode>
        </paymentRequest>
      </makePayment>
    </ns3:makePayment>
  </soap:Body>
</soap:Envelope>
[2019-09-27 11:08:56.444] 1842153151 INFO  m.c.t.d.c.d.p.c.w.h.ConsumerSoapHandler - Respuesta:
<NS1:Envelope xmlns:NS1="http://schemas.xmlsoap.org/soap/envelope/">
  <SOAP-ENV:Header xmlns:SOAP-ENV="http://schemas.xmlsoap.org/soap/envelope/"/>
  <NS1:Body>
    <apl:makePaymentResponse xmlns:apl="http://www.amx.com.mx/mexico/telcel/di/sds/bes/crm/esb/businessinterfaceservice" xmlns:esb="http://amx.com/mexico/telcel/esb/v1_2">
      <controlData>
        <esb:version>1.0</esb:version>
        <esb:resultCode>ESB0</esb:resultCode>
        <esb:resultDesc>Peticion exitosa</esb:resultDesc>
        <esb:messageUUID>745af770-4f23-471b-9350-78b773400cfd</esb:messageUUID>
        <esb:responseDate>2019-09-27T11:08:56.308</esb:responseDate>
        <esb:sendBy>ESB</esb:sendBy>
        <esb:latency>671</esb:latency>
      </controlData>
      <detailResponse>
        <esb:code>0</esb:code>
        <esb:severityLevel>0</esb:severityLevel>
        <esb:description>success</esb:description>
        <esb:actor>Huawei_BES_CRM_makePayment</esb:actor>
      </detailResponse>
      <makePaymentResponse>
        <responseHeader>
          <retCode>0</retCode>
          <retMessage>success</retMessage>
        </responseHeader>
        <paymentSeq>425001</paymentSeq>
      </makePaymentResponse>
    </apl:makePaymentResponse>
  </NS1:Body>
</NS1:Envelope>
[2019-09-27 11:09:43.794] 2010590138 INFO  m.c.t.d.c.d.p.c.w.h.ConsumerSoapHandler - Petición:
<soap:Envelope xmlns:soap="http://schemas.xmlsoap.org/soap/envelope/">
  <SOAP-ENV:Header xmlns:SOAP-ENV="http://schemas.xmlsoap.org/soap/envelope/"/>
  <soap:Body>
    <ns3:getOrderDetailInfo xmlns:ns3="http://www.amx.com.mx/mexico/telcel/di/sds/bes/crm/esb/telcelinterfaceservices" xmlns:ns2="http://amx.com/mexico/telcel/esb/v1_2">
      <controlData>
        <ns2:version>1.0.0-QA</ns2:version>
        <ns2:businessCode>getOrderDetailInfo</ns2:businessCode>
        <ns2:messageUUID>1a165933-6a99-4b48-9a45-c489aac0cd95</ns2:messageUUID>
        <ns2:requestDate>2019-09-27T11:09:43.776-05:00</ns2:requestDate>
        <ns2:sendBy>prodTelcelBES01</ns2:sendBy>
        <ns2:ipClient>10.119.137.206</ns2:ipClient>
        <ns2:ipServer>10.191.80.33</ns2:ipServer>
        <ns2:user>CAJEROZ</ns2:user>
        <ns2:besCrmRequestHeader>
          <ns2:beId>101</ns2:beId>
          <ns2:regionId>9</ns2:regionId>
          <ns2:operatorInfo>
            <ns2:operatorCode>101</ns2:operatorCode>
            <ns2:orgId>101</ns2:orgId>
          </ns2:operatorInfo>
          <ns2:channelType>601</ns2:channelType>
        </ns2:besCrmRequestHeader>
      </controlData>
      <getOrderDetailInfo>
        <orderId>930100000000596044</orderId>
      </getOrderDetailInfo>
    </ns3:getOrderDetailInfo>
  </soap:Body>
</soap:Envelope>
[2019-09-27 11:09:44.161] 2010590138 INFO  m.c.t.d.c.d.p.c.w.h.ConsumerSoapHandler - Respuesta:
<NS1:Envelope xmlns:NS1="http://schemas.xmlsoap.org/soap/envelope/">
  <SOAP-ENV:Header xmlns:SOAP-ENV="http://schemas.xmlsoap.org/soap/envelope/"/>
  <NS1:Body>
    <apl:getOrderDetailInfoResponse xmlns:apl="http://www.amx.com.mx/mexico/telcel/di/sds/bes/crm/esb/telcelinterfaceservices" xmlns:esb="http://amx.com/mexico/telcel/esb/v1_2">
      <controlData>
        <esb:version>1.0</esb:version>
        <esb:resultCode>ESB0</esb:resultCode>
        <esb:resultDesc>Peticion exitosa</esb:resultDesc>
        <esb:messageUUID>1a165933-6a99-4b48-9a45-c489aac0cd95</esb:messageUUID>
        <esb:responseDate>2019-09-27T11:09:44.001</esb:responseDate>
        <esb:sendBy>ESB</esb:sendBy>
        <esb:latency>306</esb:latency>
      </controlData>
      <detailResponse>
        <esb:code>0</esb:code>
        <esb:severityLevel>0</esb:severityLevel>
        <esb:description>Success</esb:description>
        <esb:actor>_getOrderDetailInfo</esb:actor>
      </detailResponse>
      <getOrderDetailInfoResponse>
        <orderInfo>
          <orderId>930100000000596044</orderId>
          <serviceNumber>5599904007</serviceNumber>
          <status>failed</status>
          <statusDate>2019-09-27T10:09:04.000-06:00</statusDate>
          <accessChannelType>601</accessChannelType>
          <createOperId>1565307303394826104</createOperId>
          <createDeptId>9000002224</createDeptId>
          <createTime>2019-09-27T09:55:51.000-06:00</createTime>
          <orderType>N</orderType>
          <businessCode>ChangeOffering</businessCode>
        </orderInfo>
        <orderItems>
          <orderItemId>930100000002357791</orderItemId>
          <orderId>930100000000596044</orderId>
          <itemType>offering</itemType>
          <itemId>150004</itemId>
          <actionType>amend</actionType>
          <quantity>1</quantity>
          <itemInstanceId>9311000000207092</itemInstanceId>
          <itemCode>150004</itemCode>
          <itemName>TELCEL MAX SIN LIMITE MPP 3000</itemName>
          <status>completed</status>
          <statusDate>2019-09-27T10:09:04.000-06:00</statusDate>
          <classificationId>20190508023001</classificationId>
          <subsId>9311000000085001</subsId>
          <isMainItem>Y</isMainItem>
          <relMainItemId>930100000002357791</relMainItemId>
          <effDate>2019-09-08T19:19:16.000-06:00</effDate>
          <expDate>2099-12-31T17:59:59.000-06:00</expDate>
          <itemSource>Original</itemSource>
        </orderItems>
        <orderItems>
          <orderItemId>930100000002357812</orderItemId>
          <orderId>930100000000596044</orderId>
          <itemType>product</itemType>
          <itemId>2000000300</itemId>
          <actionType>amend</actionType>
          <quantity>1</quantity>
          <itemInstanceId>9311000000227121</itemInstanceId>
          <itemCode>2000000300</itemCode>
          <itemName>DOPPIO_F1811</itemName>
          <status>completed</status>
          <statusDate>2019-09-27T10:09:04.000-06:00</statusDate>
          <classificationId>20180726000019</classificationId>
          <subsId>9311000000085001</subsId>
          <isMainItem>N</isMainItem>
          <relMainItemId>930100000002357791</relMainItemId>
          <effDate>2019-09-08T19:19:16.000-06:00</effDate>
          <expDate>2099-12-31T17:59:59.000-06:00</expDate>
        </orderItems>
        <orderItems>
          <orderItemId>930100000002357793</orderItemId>
          <orderId>930100000000596044</orderId>
          <itemType>offering</itemType>
          <itemId>2100000561</itemId>
          <actionType>add</actionType>
          <quantity>1</quantity>
          <itemInstanceId>9311000000399072</itemInstanceId>
          <itemCode>2100000561</itemCode>
          <itemName>DOPPIO</itemName>
          <status>completed</status>
          <statusDate>2019-09-27T10:09:04.000-06:00</statusDate>
          <classificationId>20180726000059</classificationId>
          <subsId>9311000000085001</subsId>
          <isMainItem>N</isMainItem>
          <relMainItemId>930100000002357791</relMainItemId>
          <effDate>2019-09-27T09:55:51.000-06:00</effDate>
          <expDate>2099-12-31T17:59:59.000-06:00</expDate>
          <itemSource>Original</itemSource>
        </orderItems>
        <orderItems>
          <orderItemId>930100000002357794</orderItemId>
          <orderId>930100000000596044</orderId>
          <itemType>product</itemType>
          <itemId>2000000300</itemId>
          <actionType>add</actionType>
          <quantity>1</quantity>
          <itemInstanceId>9311000000395121</itemInstanceId>
          <itemCode>2000000300</itemCode>
          <itemName>DOPPIO_F1811</itemName>
          <status>completed</status>
          <statusDate>2019-09-27T10:09:04.000-06:00</statusDate>
          <classificationId>20180726000019</classificationId>
          <subsId>9311000000085001</subsId>
          <isMainItem>N</isMainItem>
          <relMainItemId>930100000002357791</relMainItemId>
          <effDate>2019-09-27T09:55:51.000-06:00</effDate>
          <expDate>2099-12-31T17:59:59.000-06:00</expDate>
          <itemSource>Original</itemSource>
        </orderItems>
        <orderItems>
          <orderItemId>930100000002357795</orderItemId>
          <orderId>930100000000596044</orderId>
          <itemType>offering</itemType>
          <itemId>2100000561</itemId>
          <actionType>amend</actionType>
          <quantity>1</quantity>
          <itemInstanceId>9311000000207106</itemInstanceId>
          <itemCode>2100000561</itemCode>
          <itemName>DOPPIO</itemName>
          <status>completed</status>
          <statusDate>2019-09-27T10:09:04.000-06:00</statusDate>
          <classificationId>20180726000059</classificationId>
          <subsId>9311000000085001</subsId>
          <isMainItem>N</isMainItem>
          <relMainItemId>930100000002357791</relMainItemId>
          <effDate>2019-09-08T19:19:16.000-06:00</effDate>
          <expDate>2099-12-31T17:59:59.000-06:00</expDate>
          <itemSource>Original</itemSource>
        </orderItems>
        <orderItems>
          <orderItemId>930100000002357796</orderItemId>
          <orderId>930100000000596044</orderId>
          <itemType>product</itemType>
          <itemId>600001</itemId>
          <actionType>amend</actionType>
          <quantity>1</quantity>
          <itemInstanceId>9311000000227120</itemInstanceId>
          <itemCode>P_MPPMAIN</itemCode>
          <itemName>Mobile Main MPP Product</itemName>
          <status>completed</status>
          <statusDate>2019-09-27T10:09:04.000-06:00</statusDate>
          <classificationId>20180726000003</classificationId>
          <subsId>9311000000085001</subsId>
          <isMainItem>N</isMainItem>
          <relMainItemId>930100000002357791</relMainItemId>
          <effDate>2019-09-08T19:19:16.000-06:00</effDate>
          <expDate>2099-12-31T17:59:59.000-06:00</expDate>
        </orderItems>
        <orderItems>
          <orderItemId>930100000002357797</orderItemId>
          <orderId>930100000000596044</orderId>
          <itemType>product</itemType>
          <itemId>2018072669</itemId>
          <actionType>amend</actionType>
          <quantity>1</quantity>
          <itemInstanceId>9311000000227125</itemInstanceId>
          <itemCode>P_CallWaiting</itemCode>
          <itemName>Call Waiting</itemName>
          <status>completed</status>
          <statusDate>2019-09-27T10:09:04.000-06:00</statusDate>
          <classificationId>20180726000008</classificationId>
          <subsId>9311000000085001</subsId>
          <isMainItem>N</isMainItem>
          <relMainItemId>930100000002357791</relMainItemId>
          <effDate>2019-09-08T19:19:16.000-06:00</effDate>
          <expDate>2099-12-31T17:59:59.000-06:00</expDate>
        </orderItems>
        <orderItems>
          <orderItemId>930100000002357798</orderItemId>
          <orderId>930100000000596044</orderId>
          <itemType>product</itemType>
          <itemId>600012</itemId>
          <actionType>amend</actionType>
          <quantity>1</quantity>
          <itemInstanceId>9311000000227126</itemInstanceId>
          <itemCode>C_USA_CAN_001</itemCode>
          <itemName>USA Canada 001</itemName>
          <status>completed</status>
          <statusDate>2019-09-27T10:09:04.000-06:00</statusDate>
          <classificationId>20180726000006</classificationId>
          <subsId>9311000000085001</subsId>
          <isMainItem>N</isMainItem>
          <relMainItemId>930100000002357791</relMainItemId>
          <effDate>2019-09-08T19:19:16.000-06:00</effDate>
          <expDate>2099-12-31T17:59:59.000-06:00</expDate>
        </orderItems>
        <orderItems>
          <orderItemId>930100000002357799</orderItemId>
          <orderId>930100000000596044</orderId>
          <itemType>product</itemType>
          <itemId>2018072670</itemId>
          <actionType>amend</actionType>
          <quantity>1</quantity>
          <itemInstanceId>9311000000227127</itemInstanceId>
          <itemCode>P_CallForwarding</itemCode>
          <itemName>Call Forwarding</itemName>
          <status>completed</status>
          <statusDate>2019-09-27T10:09:04.000-06:00</statusDate>
          <classificationId>20180726000008</classificationId>
          <subsId>9311000000085001</subsId>
          <isMainItem>N</isMainItem>
          <relMainItemId>930100000002357791</relMainItemId>
          <effDate>2019-09-08T19:19:16.000-06:00</effDate>
          <expDate>2099-12-31T17:59:59.000-06:00</expDate>
        </orderItems>
        <orderItems>
          <orderItemId>930100000002357800</orderItemId>
          <orderId>930100000000596044</orderId>
          <itemType>product</itemType>
          <itemId>600014</itemId>
          <actionType>amend</actionType>
          <quantity>1</quantity>
          <itemInstanceId>9311000000227128</itemInstanceId>
          <itemCode>C_RISK</itemCode>
          <itemName>Risk Countries</itemName>
          <status>completed</status>
          <statusDate>2019-09-27T10:09:04.000-06:00</statusDate>
          <classificationId>20180726000006</classificationId>
          <subsId>9311000000085001</subsId>
          <isMainItem>N</isMainItem>
          <relMainItemId>930100000002357791</relMainItemId>
          <effDate>2019-09-08T19:19:16.000-06:00</effDate>
          <expDate>2099-12-31T17:59:59.000-06:00</expDate>
        </orderItems>
        <orderItems>
          <orderItemId>930100000002357801</orderItemId>
          <orderId>930100000000596044</orderId>
          <itemType>product</itemType>
          <itemId>2018072668</itemId>
          <actionType>amend</actionType>
          <quantity>1</quantity>
          <itemInstanceId>9311000000227129</itemInstanceId>
          <itemCode>P_MultipartyCall</itemCode>
          <itemName>Multiparty Call</itemName>
          <status>completed</status>
          <statusDate>2019-09-27T10:09:04.000-06:00</statusDate>
          <classificationId>20180726000008</classificationId>
          <subsId>9311000000085001</subsId>
          <isMainItem>N</isMainItem>
          <relMainItemId>930100000002357791</relMainItemId>
          <effDate>2019-09-08T19:19:16.000-06:00</effDate>
          <expDate>2099-12-31T17:59:59.000-06:00</expDate>
        </orderItems>
        <orderItems>
          <orderItemId>930100000002357802</orderItemId>
          <orderId>930100000000596044</orderId>
          <itemType>product</itemType>
          <itemId>1822969218</itemId>
          <actionType>amend</actionType>
          <quantity>1</quantity>
          <itemInstanceId>9311000000227130</itemInstanceId>
          <itemCode>C_GPRS</itemCode>
          <itemName>Mobile Data Product</itemName>
          <status>completed</status>
          <statusDate>2019-09-27T10:09:04.000-06:00</statusDate>
          <classificationId>20180726000005</classificationId>
          <subsId>9311000000085001</subsId>
          <isMainItem>N</isMainItem>
          <relMainItemId>930100000002357791</relMainItemId>
          <effDate>2019-09-08T19:19:16.000-06:00</effDate>
          <expDate>2099-12-31T17:59:59.000-06:00</expDate>
        </orderItems>
        <orderItems>
          <orderItemId>930100000002357803</orderItemId>
          <orderId>930100000000596044</orderId>
          <itemType>product</itemType>
          <itemId>2018072667</itemId>
          <actionType>amend</actionType>
          <quantity>1</quantity>
          <itemInstanceId>9311000000227131</itemInstanceId>
          <itemCode>P_CallHold</itemCode>
          <itemName>Call Hold</itemName>
          <status>completed</status>
          <statusDate>2019-09-27T10:09:04.000-06:00</statusDate>
          <classificationId>20180726000008</classificationId>
          <subsId>9311000000085001</subsId>
          <isMainItem>N</isMainItem>
          <relMainItemId>930100000002357791</relMainItemId>
          <effDate>2019-09-08T19:19:16.000-06:00</effDate>
          <expDate>2099-12-31T17:59:59.000-06:00</expDate>
        </orderItems>
        <orderItems>
          <orderItemId>930100000002357804</orderItemId>
          <orderId>930100000000596044</orderId>
          <itemType>product</itemType>
          <itemId>1015</itemId>
          <actionType>amend</actionType>
          <quantity>1</quantity>
          <itemInstanceId>9311000000227132</itemInstanceId>
          <itemCode>C_PFPH</itemCode>
          <itemName>PFPHProduct</itemName>
          <status>completed</status>
          <statusDate>2019-09-27T10:09:04.000-06:00</statusDate>
          <classificationId>20180726000006</classificationId>
          <subsId>9311000000085001</subsId>
          <isMainItem>N</isMainItem>
          <relMainItemId>930100000002357791</relMainItemId>
          <effDate>2019-09-08T19:19:16.000-06:00</effDate>
          <expDate>2099-12-31T17:59:59.000-06:00</expDate>
        </orderItems>
        <orderItems>
          <orderItemId>930100000002357805</orderItemId>
          <orderId>930100000000596044</orderId>
          <itemType>product</itemType>
          <itemId>1014</itemId>
          <actionType>amend</actionType>
          <quantity>1</quantity>
          <itemInstanceId>9311000000227133</itemInstanceId>
          <itemCode>C_VOICE</itemCode>
          <itemName>National Voice</itemName>
          <status>completed</status>
          <statusDate>2019-09-27T10:09:04.000-06:00</statusDate>
          <classificationId>20180726000004</classificationId>
          <subsId>9311000000085001</subsId>
          <isMainItem>N</isMainItem>
          <relMainItemId>930100000002357791</relMainItemId>
          <effDate>2019-09-08T19:19:16.000-06:00</effDate>
          <expDate>2099-12-31T17:59:59.000-06:00</expDate>
        </orderItems>
        <orderItems>
          <orderItemId>930100000002357806</orderItemId>
          <orderId>930100000000596044</orderId>
          <itemType>product</itemType>
          <itemId>600004</itemId>
          <actionType>amend</actionType>
          <quantity>1</quantity>
          <itemInstanceId>9311000000227134</itemInstanceId>
          <itemCode>C_ROAM</itemCode>
          <itemName>Roaming Service</itemName>
          <status>completed</status>
          <statusDate>2019-09-27T10:09:04.000-06:00</statusDate>
          <classificationId>20180726000006</classificationId>
          <subsId>9311000000085001</subsId>
          <isMainItem>N</isMainItem>
          <relMainItemId>930100000002357791</relMainItemId>
          <effDate>2019-09-08T19:19:16.000-06:00</effDate>
          <expDate>2099-12-31T17:59:59.000-06:00</expDate>
        </orderItems>
        <orderItems>
          <orderItemId>930100000002357807</orderItemId>
          <orderId>930100000000596044</orderId>
          <itemType>product</itemType>
          <itemId>2018072665</itemId>
          <actionType>amend</actionType>
          <quantity>1</quantity>
          <itemInstanceId>9311000000227135</itemInstanceId>
          <itemCode>P_CallerIdDisplay</itemCode>
          <itemName>CallerId Display</itemName>
          <status>completed</status>
          <statusDate>2019-09-27T10:09:04.000-06:00</statusDate>
          <classificationId>20180726000008</classificationId>
          <subsId>9311000000085001</subsId>
          <isMainItem>N</isMainItem>
          <relMainItemId>930100000002357791</relMainItemId>
          <effDate>2019-09-08T19:19:16.000-06:00</effDate>
          <expDate>2099-12-31T17:59:59.000-06:00</expDate>
        </orderItems>
        <orderItems>
          <orderItemId>930100000002357808</orderItemId>
          <orderId>930100000000596044</orderId>
          <itemType>product</itemType>
          <itemId>600013</itemId>
          <actionType>amend</actionType>
          <quantity>1</quantity>
          <itemInstanceId>9311000000227136</itemInstanceId>
          <itemCode>C_REST</itemCode>
          <itemName>Rest Countries</itemName>
          <status>completed</status>
          <statusDate>2019-09-27T10:09:04.000-06:00</statusDate>
          <classificationId>20180726000006</classificationId>
          <subsId>9311000000085001</subsId>
          <isMainItem>N</isMainItem>
          <relMainItemId>930100000002357791</relMainItemId>
          <effDate>2019-09-08T19:19:16.000-06:00</effDate>
          <expDate>2099-12-31T17:59:59.000-06:00</expDate>
        </orderItems>
        <orderItems>
          <orderItemId>930100000002357809</orderItemId>
          <orderId>930100000000596044</orderId>
          <itemType>product</itemType>
          <itemId>1011</itemId>
          <actionType>amend</actionType>
          <quantity>1</quantity>
          <itemInstanceId>9311000000227137</itemInstanceId>
          <itemCode>MMS</itemCode>
          <itemName>Mobile MMS Product</itemName>
          <status>completed</status>
          <statusDate>2019-09-27T10:09:04.000-06:00</statusDate>
          <classificationId>20180726000006</classificationId>
          <subsId>9311000000085001</subsId>
          <isMainItem>N</isMainItem>
          <relMainItemId>930100000002357791</relMainItemId>
          <effDate>2019-09-08T19:19:16.000-06:00</effDate>
          <expDate>2099-12-31T17:59:59.000-06:00</expDate>
        </orderItems>
        <orderItems>
          <orderItemId>930100000002357810</orderItemId>
          <orderId>930100000000596044</orderId>
          <itemType>product</itemType>
          <itemId>600006</itemId>
          <actionType>amend</actionType>
          <quantity>1</quantity>
          <itemInstanceId>9311000000227138</itemInstanceId>
          <itemCode>C_4G</itemCode>
          <itemName>4G</itemName>
          <status>completed</status>
          <statusDate>2019-09-27T10:09:04.000-06:00</statusDate>
          <classificationId>20180726000006</classificationId>
          <subsId>9311000000085001</subsId>
          <isMainItem>N</isMainItem>
          <relMainItemId>930100000002357791</relMainItemId>
          <effDate>2019-09-08T19:19:16.000-06:00</effDate>
          <expDate>2099-12-31T17:59:59.000-06:00</expDate>
        </orderItems>
        <orderItems>
          <orderItemId>930100000002357811</orderItemId>
          <orderId>930100000000596044</orderId>
          <itemType>product</itemType>
          <itemId>1042</itemId>
          <actionType>amend</actionType>
          <quantity>1</quantity>
          <itemInstanceId>9311000000227139</itemInstanceId>
          <itemCode>C_SMS</itemCode>
          <itemName>Mobile SMS Product</itemName>
          <status>completed</status>
          <statusDate>2019-09-27T10:09:04.000-06:00</statusDate>
          <classificationId>20180726000006</classificationId>
          <subsId>9311000000085001</subsId>
          <isMainItem>N</isMainItem>
          <relMainItemId>930100000002357791</relMainItemId>
          <effDate>2019-09-08T19:19:16.000-06:00</effDate>
          <expDate>2099-12-31T17:59:59.000-06:00</expDate>
        </orderItems>
        <orderItems>
          <orderItemId>930100000002357792</orderItemId>
          <orderId>930100000000596044</orderId>
          <itemType>offering</itemType>
          <itemId>400008</itemId>
          <actionType>amend</actionType>
          <quantity>1</quantity>
          <itemInstanceId>9311000000207107</itemInstanceId>
          <itemCode>PMT01</itemCode>
          <itemName>SEGURO CEL TELCEL UP 1</itemName>
          <status>completed</status>
          <statusDate>2019-09-27T10:09:04.000-06:00</statusDate>
          <classificationId>20180726000049</classificationId>
          <subsId>9311000000085001</subsId>
          <isMainItem>N</isMainItem>
          <relMainItemId>930100000002357791</relMainItemId>
          <effDate>2019-09-08T19:19:16.000-06:00</effDate>
          <expDate>2020-09-26T22:59:59.000-06:00</expDate>
          <itemSource>Original</itemSource>
        </orderItems>
        <orderInvoiceInfo>
          <amount>11492940000</amount>
          <discountAmount>1060000</discountAmount>
          <waiveAmount>0</waiveAmount>
          <includeTax>N</includeTax>
          <taxAmount>49520000</taxAmount>
          <status>1</status>
          <invoiceItem>
            <invoiceItemId>295077</invoiceItemId>
            <payMode>1</payMode>
            <feeType>O</feeType>
            <payDirection>PAY</payDirection>
            <chargeCode>TerminalSell</chargeCode>
            <chargeName>TerminalSell</chargeName>
            <unitPrice>309480000</unitPrice>
            <quantity>1</quantity>
            <amount>357940000</amount>
            <includedTax>Y</includedTax>
            <taxAmount>49520000</taxAmount>
            <discountAmount>1060000</discountAmount>
            <itemDetail>
              <taxInfo>
                <taxType>C_CRM_TAX_CHARGECODE_CD</taxType>
                <chargeCode>C_CRM_TAX_CHARGECODE_CD</chargeCode>
                <amount>49520000</amount>
              </taxInfo>
              <discountInfo>
                <discountMethod>6001</discountMethod>
                <discountValue>1060000</discountValue>
              </discountInfo>
            </itemDetail>
          </invoiceItem>
          <invoiceItem>
            <invoiceItemId>295078</invoiceItemId>
            <payMode>1</payMode>
            <feeType>O</feeType>
            <payDirection>PAY</payDirection>
            <chargeCode>C_CRM_SUBSIDY_PENALTY_CD</chargeCode>
            <chargeName>Subsidy penalty</chargeName>
            <unitPrice>11124000000</unitPrice>
            <quantity>1</quantity>
            <amount>11124000000</amount>
            <includedTax>N</includedTax>
            <taxAmount>0</taxAmount>
            <discountAmount>0</discountAmount>
          </invoiceItem>
          <invoiceItem>
            <invoiceItemId>295080</invoiceItemId>
            <payMode>1</payMode>
            <feeType>Y</feeType>
            <payDirection>PAY</payDirection>
            <chargeCode>C_Deposit</chargeCode>
            <chargeName>C_DEPOSIT_CHARGE_CODE</chargeName>
            <unitPrice>5000000</unitPrice>
            <quantity>1</quantity>
            <amount>5000000</amount>
            <includedTax>N</includedTax>
            <taxAmount>0</taxAmount>
            <discountAmount>0</discountAmount>
          </invoiceItem>
          <invoiceItem>
            <invoiceItemId>295081</invoiceItemId>
            <payMode>1</payMode>
            <feeType>Y</feeType>
            <payDirection>PAY</payDirection>
            <chargeCode>C_DEPOSIT_CHARGE_CODE</chargeCode>
            <chargeName>C_Deposit</chargeName>
            <unitPrice>6000000</unitPrice>
            <quantity>1</quantity>
            <amount>6000000</amount>
            <includedTax>N</includedTax>
            <taxAmount>0</taxAmount>
            <discountAmount>0</discountAmount>
          </invoiceItem>
        </orderInvoiceInfo>
      </getOrderDetailInfoResponse>
    </apl:getOrderDetailInfoResponse>
  </NS1:Body>
</NS1:Envelope>
[2019-09-27 11:09:44.251] 2010590138 INFO  m.c.t.d.c.d.p.c.w.h.ConsumerSoapHandler - Petición:
<soap:Envelope xmlns:soap="http://schemas.xmlsoap.org/soap/envelope/">
  <SOAP-ENV:Header xmlns:SOAP-ENV="http://schemas.xmlsoap.org/soap/envelope/"/>
  <soap:Body>
    <ns3:getSubscriberInfo xmlns:ns3="http://www.amx.com.mx/mexico/telcel/di/sds/bes/crm/esb/customermanagementservice" xmlns:ns2="http://amx.com/mexico/telcel/esb/v1_2">
      <controlData>
        <ns2:version>1.0.0-QA</ns2:version>
        <ns2:businessCode>getSubscriberInfo</ns2:businessCode>
        <ns2:messageUUID>8d86629a-18e9-43f6-a0be-edbf8da47d6d</ns2:messageUUID>
        <ns2:requestDate>2019-09-27T11:09:44.248-05:00</ns2:requestDate>
        <ns2:sendBy>prodTelcelBES01</ns2:sendBy>
        <ns2:ipClient>10.119.137.206</ns2:ipClient>
        <ns2:ipServer>10.191.80.33</ns2:ipServer>
        <ns2:user>CAJEROZ</ns2:user>
        <ns2:besCrmRequestHeader>
          <ns2:beId>101</ns2:beId>
          <ns2:regionId>9</ns2:regionId>
          <ns2:operatorInfo>
            <ns2:operatorCode>101</ns2:operatorCode>
            <ns2:orgId>101</ns2:orgId>
          </ns2:operatorInfo>
          <ns2:channelType>601</ns2:channelType>
        </ns2:besCrmRequestHeader>
      </controlData>
      <getSubscriberInfo>
        <serviceNumber>5599904007</serviceNumber>
      </getSubscriberInfo>
    </ns3:getSubscriberInfo>
  </soap:Body>
</soap:Envelope>
[2019-09-27 11:09:44.415] 2010590138 INFO  m.c.t.d.c.d.p.c.w.h.ConsumerSoapHandler - Respuesta:
<NS1:Envelope xmlns:NS1="http://schemas.xmlsoap.org/soap/envelope/">
  <SOAP-ENV:Header xmlns:SOAP-ENV="http://schemas.xmlsoap.org/soap/envelope/"/>
  <NS1:Body>
    <apl:getSubscriberInfoResponse xmlns:apl="http://www.amx.com.mx/mexico/telcel/di/sds/bes/crm/esb/customermanagementservice" xmlns:esb="http://amx.com/mexico/telcel/esb/v1_2">
      <controlData>
        <esb:version>1.0</esb:version>
        <esb:resultCode>ESB0</esb:resultCode>
        <esb:resultDesc>Peticion exitosa</esb:resultDesc>
        <esb:messageUUID>8d86629a-18e9-43f6-a0be-edbf8da47d6d</esb:messageUUID>
        <esb:responseDate>2019-09-27T11:09:44.275</esb:responseDate>
        <esb:sendBy>ESB</esb:sendBy>
        <esb:latency>132</esb:latency>
      </controlData>
      <detailResponse>
        <esb:code>0</esb:code>
        <esb:severityLevel>0</esb:severityLevel>
        <esb:description>success</esb:description>
        <esb:actor>Huawei_BES_CRM_getSubscriberInfo</esb:actor>
      </detailResponse>
      <getSubscriberInfoResponse>
        <subscriberInfo>
          <beId>101</beId>
          <subscriberId>9311000000085001</subscriberId>
          <serviceNumber>5599904007</serviceNumber>
          <imsi>620987000092353</imsi>
          <iccid>620987000000092353</iccid>
          <activeDate>2019-09-25T19:28:15.000-06:00</activeDate>
          <paymentType>1</paymentType>
          <writtenLang>2049</writtenLang>
          <phoneticLang>2049</phoneticLang>
          <promotionInfoFlag>1</promotionInfoFlag>
          <firstContactChannel>1</firstContactChannel>
          <status>2</status>
          <statusDetail>000000000000</statusDetail>
          <brandId>100001</brandId>
          <networkType>1</networkType>
          <primaryOfferingId>150004</primaryOfferingId>
          <primaryOfferingName>TELCEL MAX SIN LIMITE MPP 3000</primaryOfferingName>
          <portFlag>0</portFlag>
          <subName>Loyalty Test Data</subName>
          <custId>9311000000045023</custId>
          <accountId>9311000000085000</accountId>
          <subProperty>
            <code>REGDATE</code>
            <value>2019-09-08</value>
          </subProperty>
          <subProperty>
            <code>salesForce</code>
            <value>CARSO</value>
          </subProperty>
        </subscriberInfo>
      </getSubscriberInfoResponse>
    </apl:getSubscriberInfoResponse>
  </NS1:Body>
</NS1:Envelope>
[2019-09-27 11:09:44.431] 2010590138 INFO  m.c.t.d.c.d.p.c.w.h.ConsumerSoapHandler - Petición:
<soap:Envelope xmlns:soap="http://schemas.xmlsoap.org/soap/envelope/">
  <SOAP-ENV:Header xmlns:SOAP-ENV="http://schemas.xmlsoap.org/soap/envelope/"/>
  <soap:Body>
    <ns3:getCustomerDetailInfo xmlns:ns3="http://www.amx.com.mx/mexico/telcel/di/sds/bes/crm/esb/customermanagementservice" xmlns:ns2="http://amx.com/mexico/telcel/esb/v1_2">
      <controlData>
        <ns2:version>1.0.0-QA</ns2:version>
        <ns2:businessCode>getAccountInfo</ns2:businessCode>
        <ns2:messageUUID>026dc81a-3207-415d-98f0-bc469672c236</ns2:messageUUID>
        <ns2:requestDate>2019-09-27T11:09:44.429-05:00</ns2:requestDate>
        <ns2:sendBy>prodTelcelBES01</ns2:sendBy>
        <ns2:ipClient>10.119.137.206</ns2:ipClient>
        <ns2:ipServer>10.191.80.33</ns2:ipServer>
        <ns2:user>CAJEROZ</ns2:user>
        <ns2:besCrmRequestHeader>
          <ns2:beId>101</ns2:beId>
          <ns2:regionId>9</ns2:regionId>
          <ns2:operatorInfo>
            <ns2:operatorCode>101</ns2:operatorCode>
            <ns2:orgId>101</ns2:orgId>
          </ns2:operatorInfo>
          <ns2:channelType>601</ns2:channelType>
        </ns2:besCrmRequestHeader>
      </controlData>
      <getCustomerDetailInfo>
        <custId>9311000000045023</custId>
        <includeFlag>
          <includeDefaultAcctFlag>N</includeDefaultAcctFlag>
          <includeContactPersonFlag>N</includeContactPersonFlag>
          <includeAddrFlag>N</includeAddrFlag>
          <includePartyCertFlag>N</includePartyCertFlag>
          <includeAttachmentFlag>N</includeAttachmentFlag>
        </includeFlag>
      </getCustomerDetailInfo>
    </ns3:getCustomerDetailInfo>
  </soap:Body>
</soap:Envelope>
[2019-09-27 11:09:44.537] 2010590138 INFO  m.c.t.d.c.d.p.c.w.h.ConsumerSoapHandler - Respuesta:
<NS1:Envelope xmlns:NS1="http://schemas.xmlsoap.org/soap/envelope/">
  <SOAP-ENV:Header xmlns:SOAP-ENV="http://schemas.xmlsoap.org/soap/envelope/"/>
  <NS1:Body>
    <apl:getCustomerDetailInfoResponse xmlns:apl="http://www.amx.com.mx/mexico/telcel/di/sds/bes/crm/esb/customermanagementservice" xmlns:esb="http://amx.com/mexico/telcel/esb/v1_2">
      <controlData>
        <esb:version>1.0</esb:version>
        <esb:resultCode>ESB0</esb:resultCode>
        <esb:resultDesc>Peticion exitosa</esb:resultDesc>
        <esb:messageUUID>026dc81a-3207-415d-98f0-bc469672c236</esb:messageUUID>
        <esb:responseDate>2019-09-27T11:09:44.403</esb:responseDate>
        <esb:sendBy>ESB</esb:sendBy>
        <esb:latency>57</esb:latency>
      </controlData>
      <detailResponse>
        <esb:code>0</esb:code>
        <esb:severityLevel>0</esb:severityLevel>
        <esb:description>success</esb:description>
        <esb:actor>Huawei_BES_CRM_getCustomerDetail</esb:actor>
      </detailResponse>
      <getCustomerDetailInfoResponse>
        <customer>
          <customerId>9311000000045023</customerId>
          <custBasicInfo>
            <custCode>11000000045023</custCode>
            <custType>1</custType>
            <custCreditLevel>2</custCreditLevel>
            <regionId>9099001000</regionId>
            <regionName> CUAUHTEMOC</regionName>
          </custBasicInfo>
          <individualInfo>
            <individualId>11000000001793</individualId>
            <firstName>Alberto</firstName>
            <middleName>Lozada</middleName>
            <lastName>Cristobal</lastName>
            <title>1</title>
            <gender>1</gender>
            <birthday>1996-04-21T00:00:00.000-06:00</birthday>
            <email>j@j.com</email>
            <mobilePhone>2332211423</mobilePhone>
            <homePhone>2332211425</homePhone>
            <nationality>N</nationality>
            <writtenLang>2049</writtenLang>
            <phoneticLang>2049</phoneticLang>
            <individualProperty>
              <code>rfc</code>
              <value>LOCA960421QR2</value>
            </individualProperty>
            <individualProperty>
              <code>curp</code>
              <value>LXCA960421HDFZRL03</value>
            </individualProperty>
            <individualProperty>
              <code>birthState</code>
              <value>DF</value>
            </individualProperty>
            <individualProperty>
              <code>personType</code>
              <value>F</value>
            </individualProperty>
          </individualInfo>
        </customer>
      </getCustomerDetailInfoResponse>
    </apl:getCustomerDetailInfoResponse>
  </NS1:Body>
</NS1:Envelope>
